<?xml version="1.0" encoding="UTF-8"?>
<!-- Generated by org.testng.reporters.JUnitXMLReporter -->
<testsuite ignored="0" hostname="Divakarbabus-MacBook-Air.local" failures="0" tests="7" name="Test" time="194.558" errors="0" timestamp="2026-05-02T10:23:37 IST">
  <testcase classname="testCases.TC001_RegistrationTest" name="verify_registration" time="5.648"/>
  <testcase classname="testCases.TC002_LoginTest" name="very_login" time="3.853"/>
  <testcase classname="testCases.TC003_LoginTestDDT" name="very_ddlogin" time="4.045"/>
  <testcase classname="testCases.TC003_LoginTestDDT" name="very_ddlogin" time="13.586"/>
  <testcase classname="testCases.TC003_LoginTestDDT" name="very_ddlogin" time="13.197"/>
  <testcase classname="testCases.TC003_LoginTestDDT" name="very_ddlogin" time="13.313"/>
  <testcase classname="testCases.TC003_LoginTestDDT" name="very_ddlogin" time="13.574"/>
</testsuite> <!-- Test -->
