<?xml version="1.0" encoding="UTF-8"?>
<testng-results ignored="0" total="7" passed="7" failed="0" skipped="0">
  <reporter-output>
  </reporter-output>
  <suite started-at="2026-05-02T10:20:23 IST" name="Suite" finished-at="2026-05-02T10:23:37 IST" duration-ms="194558">
    <groups>
      <group name="regression">
        <method signature="TC001_RegistrationTest.verify_registration()[pri:0, instance:testCases.TC001_RegistrationTest@3f6db3fb]" name="verify_registration" class="testCases.TC001_RegistrationTest"/>
        <method signature="TC002_LoginTest.very_login()[pri:0, instance:testCases.TC002_LoginTest@6475472c]" name="very_login" class="testCases.TC002_LoginTest"/>
        <method signature="TC003_LoginTestDDT.very_ddlogin(java.lang.String,java.lang.String,java.lang.String)[pri:0, instance:testCases.TC003_LoginTestDDT@3f07b12c]" name="very_ddlogin" class="testCases.TC003_LoginTestDDT"/>
      </group> <!-- regression -->
      <group name="DataDriven">
        <method signature="TC003_LoginTestDDT.very_ddlogin(java.lang.String,java.lang.String,java.lang.String)[pri:0, instance:testCases.TC003_LoginTestDDT@3f07b12c]" name="very_ddlogin" class="testCases.TC003_LoginTestDDT"/>
      </group> <!-- DataDriven -->
      <group name="sanity">
        <method signature="TC001_RegistrationTest.verify_registration()[pri:0, instance:testCases.TC001_RegistrationTest@3f6db3fb]" name="verify_registration" class="testCases.TC001_RegistrationTest"/>
      </group> <!-- sanity -->
      <group name="Smoke">
        <method signature="TC002_LoginTest.very_login()[pri:0, instance:testCases.TC002_LoginTest@6475472c]" name="very_login" class="testCases.TC002_LoginTest"/>
      </group> <!-- Smoke -->
    </groups>
    <test started-at="2026-05-02T10:20:23 IST" name="Test" finished-at="2026-05-02T10:23:37 IST" duration-ms="194558">
      <class name="testCases.TC001_RegistrationTest">
        <test-method is-config="true" signature="setup(java.lang.String,java.lang.String)[pri:0, instance:testCases.TC001_RegistrationTest@3f6db3fb]" started-at="2026-05-02T10:20:23 IST" name="setup" finished-at="2026-05-02T10:20:34 IST" duration-ms="11457" status="PASS">
          <params>
            <param index="0">
              <value>
                <![CDATA[Mac]]>
              </value>
            </param>
            <param index="1">
              <value>
                <![CDATA[chrome]]>
              </value>
            </param>
          </params>
          <reporter-output>
          </reporter-output>
        </test-method> <!-- setup -->
        <test-method signature="verify_registration()[pri:0, instance:testCases.TC001_RegistrationTest@3f6db3fb]" started-at="2026-05-02T10:20:34 IST" name="verify_registration" finished-at="2026-05-02T10:20:40 IST" duration-ms="5648" status="PASS">
          <reporter-output>
          </reporter-output>
        </test-method> <!-- verify_registration -->
        <test-method is-config="true" signature="tearDown()[pri:0, instance:testCases.TC001_RegistrationTest@3f6db3fb]" started-at="2026-05-02T10:20:40 IST" name="tearDown" finished-at="2026-05-02T10:20:40 IST" duration-ms="110" status="PASS">
          <reporter-output>
          </reporter-output>
        </test-method> <!-- tearDown -->
      </class> <!-- testCases.TC001_RegistrationTest -->
      <class name="testCases.TC002_LoginTest">
        <test-method is-config="true" signature="setup(java.lang.String,java.lang.String)[pri:0, instance:testCases.TC002_LoginTest@6475472c]" started-at="2026-05-02T10:20:40 IST" name="setup" finished-at="2026-05-02T10:20:49 IST" duration-ms="9157" status="PASS">
          <params>
            <param index="0">
              <value>
                <![CDATA[Mac]]>
              </value>
            </param>
            <param index="1">
              <value>
                <![CDATA[chrome]]>
              </value>
            </param>
          </params>
          <reporter-output>
          </reporter-output>
        </test-method> <!-- setup -->
        <test-method signature="very_login()[pri:0, instance:testCases.TC002_LoginTest@6475472c]" started-at="2026-05-02T10:20:49 IST" name="very_login" finished-at="2026-05-02T10:20:53 IST" duration-ms="3853" status="PASS">
          <reporter-output>
          </reporter-output>
        </test-method> <!-- very_login -->
        <test-method is-config="true" signature="tearDown()[pri:0, instance:testCases.TC002_LoginTest@6475472c]" started-at="2026-05-02T10:20:53 IST" name="tearDown" finished-at="2026-05-02T10:20:53 IST" duration-ms="101" status="PASS">
          <reporter-output>
          </reporter-output>
        </test-method> <!-- tearDown -->
      </class> <!-- testCases.TC002_LoginTest -->
      <class name="testCases.TC003_LoginTestDDT">
        <test-method is-config="true" signature="setup(java.lang.String,java.lang.String)[pri:0, instance:testCases.TC003_LoginTestDDT@3f07b12c]" started-at="2026-05-02T10:20:54 IST" name="setup" finished-at="2026-05-02T10:21:03 IST" duration-ms="8921" status="PASS">
          <params>
            <param index="0">
              <value>
                <![CDATA[Mac]]>
              </value>
            </param>
            <param index="1">
              <value>
                <![CDATA[chrome]]>
              </value>
            </param>
          </params>
          <reporter-output>
          </reporter-output>
        </test-method> <!-- setup -->
        <test-method signature="very_ddlogin(java.lang.String,java.lang.String,java.lang.String)[pri:0, instance:testCases.TC003_LoginTestDDT@3f07b12c]" started-at="2026-05-02T10:21:03 IST" name="very_ddlogin" data-provider="LoginData" finished-at="2026-05-02T10:21:07 IST" duration-ms="4045" status="PASS">
          <params>
            <param index="0">
              <value>
                <![CDATA[divakarbabuy8050@gmail.com]]>
              </value>
            </param>
            <param index="1">
              <value>
                <![CDATA[OPENcart@123]]>
              </value>
            </param>
            <param index="2">
              <value>
                <![CDATA[valid]]>
              </value>
            </param>
          </params>
          <reporter-output>
          </reporter-output>
        </test-method> <!-- very_ddlogin -->
        <test-method is-config="true" signature="tearDown()[pri:0, instance:testCases.TC003_LoginTestDDT@3f07b12c]" started-at="2026-05-02T10:21:07 IST" name="tearDown" finished-at="2026-05-02T10:21:07 IST" duration-ms="86" status="PASS">
          <reporter-output>
          </reporter-output>
        </test-method> <!-- tearDown -->
        <test-method is-config="true" signature="setup(java.lang.String,java.lang.String)[pri:0, instance:testCases.TC003_LoginTestDDT@3f07b12c]" started-at="2026-05-02T10:21:07 IST" name="setup" finished-at="2026-05-02T10:21:16 IST" duration-ms="8370" status="PASS">
          <params>
            <param index="0">
              <value>
                <![CDATA[Mac]]>
              </value>
            </param>
            <param index="1">
              <value>
                <![CDATA[chrome]]>
              </value>
            </param>
          </params>
          <reporter-output>
          </reporter-output>
        </test-method> <!-- setup -->
        <test-method signature="very_ddlogin(java.lang.String,java.lang.String,java.lang.String)[pri:0, instance:testCases.TC003_LoginTestDDT@3f07b12c]" started-at="2026-05-02T10:21:16 IST" name="very_ddlogin" data-provider="LoginData" finished-at="2026-05-02T10:21:29 IST" duration-ms="13586" status="PASS">
          <params>
            <param index="0">
              <value>
                <![CDATA[abc@gmail.com]]>
              </value>
            </param>
            <param index="1">
              <value>
                <![CDATA[abc]]>
              </value>
            </param>
            <param index="2">
              <value>
                <![CDATA[invalid]]>
              </value>
            </param>
          </params>
          <reporter-output>
          </reporter-output>
        </test-method> <!-- very_ddlogin -->
        <test-method is-config="true" signature="tearDown()[pri:0, instance:testCases.TC003_LoginTestDDT@3f07b12c]" started-at="2026-05-02T10:21:29 IST" name="tearDown" finished-at="2026-05-02T10:21:45 IST" duration-ms="15886" status="PASS">
          <reporter-output>
          </reporter-output>
        </test-method> <!-- tearDown -->
        <test-method is-config="true" signature="setup(java.lang.String,java.lang.String)[pri:0, instance:testCases.TC003_LoginTestDDT@3f07b12c]" started-at="2026-05-02T10:21:45 IST" name="setup" finished-at="2026-05-02T10:21:53 IST" duration-ms="7438" status="PASS">
          <params>
            <param index="0">
              <value>
                <![CDATA[Mac]]>
              </value>
            </param>
            <param index="1">
              <value>
                <![CDATA[chrome]]>
              </value>
            </param>
          </params>
          <reporter-output>
          </reporter-output>
        </test-method> <!-- setup -->
        <test-method signature="very_ddlogin(java.lang.String,java.lang.String,java.lang.String)[pri:0, instance:testCases.TC003_LoginTestDDT@3f07b12c]" started-at="2026-05-02T10:21:53 IST" name="very_ddlogin" data-provider="LoginData" finished-at="2026-05-02T10:22:06 IST" duration-ms="13197" status="PASS">
          <params>
            <param index="0">
              <value>
                <![CDATA[cde@gmail.com]]>
              </value>
            </param>
            <param index="1">
              <value>
                <![CDATA[cde]]>
              </value>
            </param>
            <param index="2">
              <value>
                <![CDATA[invalid]]>
              </value>
            </param>
          </params>
          <reporter-output>
          </reporter-output>
        </test-method> <!-- very_ddlogin -->
        <test-method is-config="true" signature="tearDown()[pri:0, instance:testCases.TC003_LoginTestDDT@3f07b12c]" started-at="2026-05-02T10:22:06 IST" name="tearDown" finished-at="2026-05-02T10:22:23 IST" duration-ms="17052" status="PASS">
          <reporter-output>
          </reporter-output>
        </test-method> <!-- tearDown -->
        <test-method is-config="true" signature="setup(java.lang.String,java.lang.String)[pri:0, instance:testCases.TC003_LoginTestDDT@3f07b12c]" started-at="2026-05-02T10:22:23 IST" name="setup" finished-at="2026-05-02T10:22:30 IST" duration-ms="7366" status="PASS">
          <params>
            <param index="0">
              <value>
                <![CDATA[Mac]]>
              </value>
            </param>
            <param index="1">
              <value>
                <![CDATA[chrome]]>
              </value>
            </param>
          </params>
          <reporter-output>
          </reporter-output>
        </test-method> <!-- setup -->
        <test-method signature="very_ddlogin(java.lang.String,java.lang.String,java.lang.String)[pri:0, instance:testCases.TC003_LoginTestDDT@3f07b12c]" started-at="2026-05-02T10:22:30 IST" name="very_ddlogin" data-provider="LoginData" finished-at="2026-05-02T10:22:44 IST" duration-ms="13313" status="PASS">
          <params>
            <param index="0">
              <value>
                <![CDATA[divakarb03@gmail.com]]>
              </value>
            </param>
            <param index="1">
              <value>
                <![CDATA[OPENcart@123]]>
              </value>
            </param>
            <param index="2">
              <value>
                <![CDATA[invalid]]>
              </value>
            </param>
          </params>
          <reporter-output>
          </reporter-output>
        </test-method> <!-- very_ddlogin -->
        <test-method is-config="true" signature="tearDown()[pri:0, instance:testCases.TC003_LoginTestDDT@3f07b12c]" started-at="2026-05-02T10:22:44 IST" name="tearDown" finished-at="2026-05-02T10:22:59 IST" duration-ms="14935" status="PASS">
          <reporter-output>
          </reporter-output>
        </test-method> <!-- tearDown -->
        <test-method is-config="true" signature="setup(java.lang.String,java.lang.String)[pri:0, instance:testCases.TC003_LoginTestDDT@3f07b12c]" started-at="2026-05-02T10:22:59 IST" name="setup" finished-at="2026-05-02T10:23:06 IST" duration-ms="7362" status="PASS">
          <params>
            <param index="0">
              <value>
                <![CDATA[Mac]]>
              </value>
            </param>
            <param index="1">
              <value>
                <![CDATA[chrome]]>
              </value>
            </param>
          </params>
          <reporter-output>
          </reporter-output>
        </test-method> <!-- setup -->
        <test-method signature="very_ddlogin(java.lang.String,java.lang.String,java.lang.String)[pri:0, instance:testCases.TC003_LoginTestDDT@3f07b12c]" started-at="2026-05-02T10:23:06 IST" name="very_ddlogin" data-provider="LoginData" finished-at="2026-05-02T10:23:20 IST" duration-ms="13574" status="PASS">
          <params>
            <param index="0">
              <value>
                <![CDATA[divakarbabuy8050@gmail.com]]>
              </value>
            </param>
            <param index="1">
              <value>
                <![CDATA[TCSnqt@123]]>
              </value>
            </param>
            <param index="2">
              <value>
                <![CDATA[invalid]]>
              </value>
            </param>
          </params>
          <reporter-output>
          </reporter-output>
        </test-method> <!-- very_ddlogin -->
        <test-method is-config="true" signature="tearDown()[pri:0, instance:testCases.TC003_LoginTestDDT@3f07b12c]" started-at="2026-05-02T10:23:20 IST" name="tearDown" finished-at="2026-05-02T10:23:37 IST" duration-ms="17637" status="PASS">
          <reporter-output>
          </reporter-output>
        </test-method> <!-- tearDown -->
      </class> <!-- testCases.TC003_LoginTestDDT -->
    </test> <!-- Test -->
  </suite> <!-- Suite -->
</testng-results>
