<?xml version="1.0" encoding="UTF-8"?>
<!-- Generated by org.testng.reporters.JUnitReportReporter -->
<testsuite hostname="Divakarbabus-MacBook-Air.local" failures="0" tests="5" name="testCases.TC003_LoginTestDDT" time="162.768" errors="0" timestamp="2026-05-02T10:23:37 IST" skipped="0">
  <testcase classname="testCases.TC003_LoginTestDDT" name="very_ddlogin" time="37.988"/>
  <testcase classname="testCases.TC003_LoginTestDDT" name="very_ddlogin" time="29.120"/>
  <testcase classname="testCases.TC003_LoginTestDDT" name="very_ddlogin" time="21.769"/>
  <testcase classname="testCases.TC003_LoginTestDDT" name="very_ddlogin" time="35.498"/>
  <testcase classname="testCases.TC003_LoginTestDDT" name="very_ddlogin" time="38.393"/>
</testsuite> <!-- testCases.TC003_LoginTestDDT -->
