<?xml version="1.0" encoding="UTF-8"?>
<!-- Generated by org.testng.reporters.JUnitReportReporter -->
<testsuite hostname="Divakarbabus-MacBook-Air.local" failures="0" tests="5" name="testCases.TC003_LoginTestDDT" time="50.822" errors="0" timestamp="2026-06-28T16:17:59 IST" skipped="0">
  <testcase classname="testCases.TC003_LoginTestDDT" name="verify_ddtLogin" time="2.046"/>
  <testcase classname="testCases.TC003_LoginTestDDT" name="verify_ddtLogin" time="12.126"/>
  <testcase classname="testCases.TC003_LoginTestDDT" name="verify_ddtLogin" time="12.849"/>
  <testcase classname="testCases.TC003_LoginTestDDT" name="verify_ddtLogin" time="11.887"/>
  <testcase classname="testCases.TC003_LoginTestDDT" name="verify_ddtLogin" time="11.914"/>
</testsuite> <!-- testCases.TC003_LoginTestDDT -->
